<?xml version="1.0" encoding="UTF-8"?>
<!-- Generated by org.testng.reporters.JUnitReportReporter -->
<testsuite skipped="0" hostname="Dell-PC" name="com.qa.demoproject.TestNGdemo" tests="1" failures="0" timestamp="08 Mar 2020 17:02:54 GMT" time="0.005" errors="0">
  <testcase name="parameterdemo" time="0.005" classname="com.qa.demoproject.TestNGdemo"/>
</testsuite> <!-- com.qa.demoproject.TestNGdemo -->
