<?xml version="1.0" encoding="UTF-8"?>
<!-- Generated by org.testng.reporters.JUnitReportReporter -->
<testsuite skipped="0" hostname="Dell-PC" name="com.qa.demoproject.TestNGFeatures" tests="4" failures="0" timestamp="08 Mar 2020 17:02:54 GMT" time="20.107" errors="0">
  <testcase name="test1" time="4.913" classname="com.qa.demoproject.TestNGFeatures"/>
  <testcase name="test2" time="5.656" classname="com.qa.demoproject.TestNGFeatures"/>
  <testcase name="test3" time="5.016" classname="com.qa.demoproject.TestNGFeatures"/>
  <testcase name="test3" time="4.522" classname="com.qa.demoproject.TestNGFeatures"/>
</testsuite> <!-- com.qa.demoproject.TestNGFeatures -->
